<?xml version="1.0" encoding="UTF-8"?>
<!-- Generated by org.testng.reporters.JUnitReportReporter -->
<testsuite hostname="DESKTOP-0BH9N96" failures="0" tests="1" name="org.qa.opencart.tests.AccountTest" time="0.144" errors="0" timestamp="2024-05-22T06:26:51 IST" skipped="0">
  <testcase classname="org.qa.opencart.tests.AccountTest" name="accountPageTitleTest" time="0.144"/>
</testsuite> <!-- org.qa.opencart.tests.AccountTest -->
